This is pdfTeX, Version 3.14159265-2.6-1.40.19 (MiKTeX 2.9.6630 64-bit) (preloaded format=pdflatex 2018.3.22)  28 MAR 2018 00:25
entering extended mode
**./ReportMarch22.tex
(ReportMarch22.tex
LaTeX2e <2017-04-15>
Babel <3.18> and hyphenation patterns for 75 language(s) loaded.
("C:\Program Files\MiKTeX 2.9\tex\latex\base\article.cls"
Document Class: article 2014/09/29 v1.4h Standard LaTeX document class
("C:\Program Files\MiKTeX 2.9\tex\latex\base\size11.clo"
File: size11.clo 2014/09/29 v1.4h Standard LaTeX file (size option)
)
\c@part=\count79
\c@section=\count80
\c@subsection=\count81
\c@subsubsection=\count82
\c@paragraph=\count83
\c@subparagraph=\count84
\c@figure=\count85
\c@table=\count86
\abovecaptionskip=\skip41
\belowcaptionskip=\skip42
\bibindent=\dimen102
)
("C:\Program Files\MiKTeX 2.9\tex\latex\comment\comment.sty"
\CommentStream=\write3

Excluding comment 'comment')
("C:\Program Files\MiKTeX 2.9\tex\latex\lipsum\lipsum.sty"
Package: lipsum 2014/07/27 v1.3 150 paragraphs of Lorem Ipsum dummy text
\c@lips@count=\count87
)
("C:\Program Files\MiKTeX 2.9\tex\latex\preprint\fullpage.sty"
Package: fullpage 1999/02/23 1.1 (PWD)
\FP@margin=\skip43
)
("C:\Program Files\MiKTeX 2.9\tex\latex\amsmath\amsmath.sty"
Package: amsmath 2017/09/02 v2.17a AMS math features
\@mathmargin=\skip44

For additional information on amsmath, use the `?' option.
("C:\Program Files\MiKTeX 2.9\tex\latex\amsmath\amstext.sty"
Package: amstext 2000/06/29 v2.01 AMS text

("C:\Program Files\MiKTeX 2.9\tex\latex\amsmath\amsgen.sty"
File: amsgen.sty 1999/11/30 v2.0 generic functions
\@emptytoks=\toks14
\ex@=\dimen103
))
("C:\Program Files\MiKTeX 2.9\tex\latex\amsmath\amsbsy.sty"
Package: amsbsy 1999/11/29 v1.2d Bold Symbols
\pmbraise@=\dimen104
)
("C:\Program Files\MiKTeX 2.9\tex\latex\amsmath\amsopn.sty"
Package: amsopn 2016/03/08 v2.02 operator names
)
\inf@bad=\count88
LaTeX Info: Redefining \frac on input line 213.
\uproot@=\count89
\leftroot@=\count90
LaTeX Info: Redefining \overline on input line 375.
\classnum@=\count91
\DOTSCASE@=\count92
LaTeX Info: Redefining \ldots on input line 472.
LaTeX Info: Redefining \dots on input line 475.
LaTeX Info: Redefining \cdots on input line 596.
\Mathstrutbox@=\box26
\strutbox@=\box27
\big@size=\dimen105
LaTeX Font Info:    Redeclaring font encoding OML on input line 712.
LaTeX Font Info:    Redeclaring font encoding OMS on input line 713.
\macc@depth=\count93
\c@MaxMatrixCols=\count94
\dotsspace@=\muskip10
\c@parentequation=\count95
\dspbrk@lvl=\count96
\tag@help=\toks15
\row@=\count97
\column@=\count98
\maxfields@=\count99
\andhelp@=\toks16
\eqnshift@=\dimen106
\alignsep@=\dimen107
\tagshift@=\dimen108
\tagwidth@=\dimen109
\totwidth@=\dimen110
\lineht@=\dimen111
\@envbody=\toks17
\multlinegap=\skip45
\multlinetaggap=\skip46
\mathdisplay@stack=\toks18
LaTeX Info: Redefining \[ on input line 2817.
LaTeX Info: Redefining \] on input line 2818.
)
("C:\Program Files\MiKTeX 2.9\tex\latex\amsfonts\amssymb.sty"
Package: amssymb 2013/01/14 v3.01 AMS font symbols

("C:\Program Files\MiKTeX 2.9\tex\latex\amsfonts\amsfonts.sty"
Package: amsfonts 2013/01/14 v3.01 Basic AMSFonts support
\symAMSa=\mathgroup4
\symAMSb=\mathgroup5
LaTeX Font Info:    Overwriting math alphabet `\mathfrak' in version `bold'
(Font)                  U/euf/m/n --> U/euf/b/n on input line 106.
))
("C:\Program Files\MiKTeX 2.9\tex\latex\graphics\graphicx.sty"
Package: graphicx 2017/06/01 v1.1a Enhanced LaTeX Graphics (DPC,SPQR)

("C:\Program Files\MiKTeX 2.9\tex\latex\graphics\keyval.sty"
Package: keyval 2014/10/28 v1.15 key=value parser (DPC)
\KV@toks@=\toks19
)
("C:\Program Files\MiKTeX 2.9\tex\latex\graphics\graphics.sty"
Package: graphics 2017/06/25 v1.2c Standard LaTeX Graphics (DPC,SPQR)

("C:\Program Files\MiKTeX 2.9\tex\latex\graphics\trig.sty"
Package: trig 2016/01/03 v1.10 sin cos tan (DPC)
)
("C:\Program Files\MiKTeX 2.9\tex\latex\graphics-cfg\graphics.cfg"
File: graphics.cfg 2016/06/04 v1.11 sample graphics configuration
)
Package graphics Info: Driver file: pdftex.def on input line 99.

("C:\Program Files\MiKTeX 2.9\tex\latex\graphics-def\pdftex.def"
File: pdftex.def 2018/01/08 v1.0l Graphics/color driver for pdftex
))
\Gin@req@height=\dimen112
\Gin@req@width=\dimen113
)
("C:\Program Files\MiKTeX 2.9\tex\latex\caption\subcaption.sty"
Package: subcaption 2016/05/22 v1.1-161 Sub-captions (AR)

("C:\Program Files\MiKTeX 2.9\tex\latex\caption\caption.sty"
Package: caption 2016/02/21 v3.3-144 Customizing captions (AR)

("C:\Program Files\MiKTeX 2.9\tex\latex\caption\caption3.sty"
Package: caption3 2016/05/22 v1.7-166 caption3 kernel (AR)
Package caption3 Info: TeX engine: e-TeX on input line 67.
\captionmargin=\dimen114
\captionmargin@=\dimen115
\captionwidth=\dimen116
\caption@tempdima=\dimen117
\caption@indent=\dimen118
\caption@parindent=\dimen119
\caption@hangindent=\dimen120
)
\c@ContinuedFloat=\count100
)
\c@subfigure=\count101
\c@subtable=\count102
)
(ReportMarch22.aux

LaTeX Warning: Label `fig:forwardModel' multiply defined.

)
\openout1 = `ReportMarch22.aux'.

LaTeX Font Info:    Checking defaults for OML/cmm/m/it on input line 9.
LaTeX Font Info:    ... okay on input line 9.
LaTeX Font Info:    Checking defaults for T1/cmr/m/n on input line 9.
LaTeX Font Info:    ... okay on input line 9.
LaTeX Font Info:    Checking defaults for OT1/cmr/m/n on input line 9.
LaTeX Font Info:    ... okay on input line 9.
LaTeX Font Info:    Checking defaults for OMS/cmsy/m/n on input line 9.
LaTeX Font Info:    ... okay on input line 9.
LaTeX Font Info:    Checking defaults for OMX/cmex/m/n on input line 9.
LaTeX Font Info:    ... okay on input line 9.
LaTeX Font Info:    Checking defaults for U/cmr/m/n on input line 9.
LaTeX Font Info:    ... okay on input line 9.
 ("C:\Program Files\MiKTeX 2.9\tex\context\base\supp-pdf.mkii"
[Loading MPS to PDF converter (version 2006.09.02).]
\scratchcounter=\count103
\scratchdimen=\dimen121
\scratchbox=\box28
\nofMPsegments=\count104
\nofMParguments=\count105
\everyMPshowfont=\toks20
\MPscratchCnt=\count106
\MPscratchDim=\dimen122
\MPnumerator=\count107
\makeMPintoPDFobject=\count108
\everyMPtoPDFconversion=\toks21
) ("C:\Program Files\MiKTeX 2.9\tex\latex\oberdiek\epstopdf-base.sty"
Package: epstopdf-base 2016/05/15 v2.6 Base part for package epstopdf

("C:\Program Files\MiKTeX 2.9\tex\generic\oberdiek\infwarerr.sty"
Package: infwarerr 2016/05/16 v1.4 Providing info/warning/error messages (HO)
)
("C:\Program Files\MiKTeX 2.9\tex\latex\oberdiek\grfext.sty"
Package: grfext 2016/05/16 v1.2 Manage graphics extensions (HO)

("C:\Program Files\MiKTeX 2.9\tex\generic\oberdiek\kvdefinekeys.sty"
Package: kvdefinekeys 2016/05/16 v1.4 Define keys (HO)

("C:\Program Files\MiKTeX 2.9\tex\generic\oberdiek\ltxcmds.sty"
Package: ltxcmds 2016/05/16 v1.23 LaTeX kernel commands for general use (HO)
)))
("C:\Program Files\MiKTeX 2.9\tex\latex\oberdiek\kvoptions.sty"
Package: kvoptions 2016/05/16 v3.12 Key value format for package options (HO)

("C:\Program Files\MiKTeX 2.9\tex\generic\oberdiek\kvsetkeys.sty"
Package: kvsetkeys 2016/05/16 v1.17 Key value parser (HO)

("C:\Program Files\MiKTeX 2.9\tex\generic\oberdiek\etexcmds.sty"
Package: etexcmds 2016/05/16 v1.6 Avoid name clashes with e-TeX commands (HO)

("C:\Program Files\MiKTeX 2.9\tex\generic\oberdiek\ifluatex.sty"
Package: ifluatex 2016/05/16 v1.4 Provides the ifluatex switch (HO)
Package ifluatex Info: LuaTeX not detected.
)
Package etexcmds Info: Could not find \expanded.
(etexcmds)             That can mean that you are not using pdfTeX 1.50 or
(etexcmds)             that some package has redefined \expanded.
(etexcmds)             In the latter case, load this package earlier.
)))
("C:\Program Files\MiKTeX 2.9\tex\generic\oberdiek\pdftexcmds.sty"
Package: pdftexcmds 2018/01/21 v0.26 Utility functions of pdfTeX for LuaTeX (HO
)

("C:\Program Files\MiKTeX 2.9\tex\generic\oberdiek\ifpdf.sty"
Package: ifpdf 2017/03/15 v3.2 Provides the ifpdf switch
)
Package pdftexcmds Info: LuaTeX not detected.
Package pdftexcmds Info: \pdf@primitive is available.
Package pdftexcmds Info: \pdf@ifprimitive is available.
Package pdftexcmds Info: \pdfdraftmode found.
)
Package epstopdf-base Info: Redefining graphics rule for `.eps' on input line 4
38.
Package grfext Info: Graphics extension search list:
(grfext)             [.pdf,.png,.jpg,.mps,.jpeg,.jbig2,.jb2,.PDF,.PNG,.JPG,.JPE
G,.JBIG2,.JB2,.eps]
(grfext)             \AppendGraphicsExtensions on input line 456.
)
Package caption Info: Begin \AtBeginDocument code.
Package caption Info: End \AtBeginDocument code.
LaTeX Font Info:    Try loading font information for U+msa on input line 12.

("C:\Program Files\MiKTeX 2.9\tex\latex\amsfonts\umsa.fd"
File: umsa.fd 2013/01/14 v3.01 AMS symbols A
)
LaTeX Font Info:    Try loading font information for U+msb on input line 12.

("C:\Program Files\MiKTeX 2.9\tex\latex\amsfonts\umsb.fd"
File: umsb.fd 2013/01/14 v3.01 AMS symbols B
)
<../Figures/OpticalReflectance.png, id=1, 570.63188pt x 542.025pt>
File: ../Figures/OpticalReflectance.png Graphic file (type png)
<use ../Figures/OpticalReflectance.png>
Package pdftex.def Info: ../Figures/OpticalReflectance.png  used on input line 
28.
(pdftex.def)             Requested size: 99.65349pt x 94.65729pt.
<../Figures/ComplexOpticalFieldAmplitude.png, id=2, 570.63188pt x 542.025pt>
File: ../Figures/ComplexOpticalFieldAmplitude.png Graphic file (type png)
<use ../Figures/ComplexOpticalFieldAmplitude.png>
Package pdftex.def Info: ../Figures/ComplexOpticalFieldAmplitude.png  used on i
nput line 33.
(pdftex.def)             Requested size: 99.65349pt x 94.65729pt.
<../Figures/NoisyMeasurementAmplitudeNoiseSigma1e-3.png, id=3, 573.64313pt x 53
7.50812pt>
File: ../Figures/NoisyMeasurementAmplitudeNoiseSigma1e-3.png Graphic file (type
 png)
<use ../Figures/NoisyMeasurementAmplitudeNoiseSigma1e-3.png>
Package pdftex.def Info: ../Figures/NoisyMeasurementAmplitudeNoiseSigma1e-3.png
  used on input line 38.
(pdftex.def)             Requested size: 99.65349pt x 93.36818pt.
<../Figures/NoisyMeasurementAmplitudeNoiseSigma1e-1.png, id=4, 573.64313pt x 53
7.50812pt>
File: ../Figures/NoisyMeasurementAmplitudeNoiseSigma1e-1.png Graphic file (type
 png)
<use ../Figures/NoisyMeasurementAmplitudeNoiseSigma1e-1.png>
Package pdftex.def Info: ../Figures/NoisyMeasurementAmplitudeNoiseSigma1e-1.png
  used on input line 43.
(pdftex.def)             Requested size: 99.65349pt x 93.36818pt.
 [1

{C:/Users/Sudarshan/AppData/Local/MiKTeX/2.9/pdftex/config/pdftex.map} <../Figu
res/OpticalReflectance.png (PNG copy)> <../Figures/ComplexOpticalFieldAmplitude
.png (PNG copy)> <../Figures/NoisyMeasurementAmplitudeNoiseSigma1e-3.png (PNG c
opy)> <../Figures/NoisyMeasurementAmplitudeNoiseSigma1e-1.png (PNG copy)>]
<../Figures/MLReconstructionNoiseSigma1e-2.png, id=19, 563.10374pt x 542.025pt>

File: ../Figures/MLReconstructionNoiseSigma1e-2.png Graphic file (type png)
<use ../Figures/MLReconstructionNoiseSigma1e-2.png>
Package pdftex.def Info: ../Figures/MLReconstructionNoiseSigma1e-2.png  used on
 input line 69.
(pdftex.def)             Requested size: 99.65349pt x 95.9227pt.
<../Figures/MLReconstructionNoiseSigma1e-1.png, id=20, 563.10374pt x 541.27219p
t>
File: ../Figures/MLReconstructionNoiseSigma1e-1.png Graphic file (type png)
<use ../Figures/MLReconstructionNoiseSigma1e-1.png>
Package pdftex.def Info: ../Figures/MLReconstructionNoiseSigma1e-1.png  used on
 input line 74.
(pdftex.def)             Requested size: 99.65349pt x 95.78947pt.
<../Figures/MLReconstructionNoiseSigma1e0.png, id=21, 568.37344pt x 537.50812pt
>
File: ../Figures/MLReconstructionNoiseSigma1e0.png Graphic file (type png)
<use ../Figures/MLReconstructionNoiseSigma1e0.png>
Package pdftex.def Info: ../Figures/MLReconstructionNoiseSigma1e0.png  used on 
input line 79.
(pdftex.def)             Requested size: 99.65349pt x 94.23756pt.
<../Figures/MLReconstructionNoiseSigma1e1.png, id=22, 571.38469pt x 537.50812pt
>
File: ../Figures/MLReconstructionNoiseSigma1e1.png Graphic file (type png)
<use ../Figures/MLReconstructionNoiseSigma1e1.png>
Package pdftex.def Info: ../Figures/MLReconstructionNoiseSigma1e1.png  used on 
input line 84.
(pdftex.def)             Requested size: 99.65349pt x 93.73726pt.
 [2 <../Figures/MLReconstructionNoiseSigma1e-2.png (PNG copy)> <../Figures/MLRe
constructionNoiseSigma1e-1.png (PNG copy)> <../Figures/MLReconstructionNoiseSig
ma1e0.png (PNG copy)> <../Figures/MLReconstructionNoiseSigma1e1.png (PNG copy)>
] (ReportMarch22.aux)

LaTeX Warning: There were multiply-defined labels.

 ) 
Here is how much of TeX's memory you used:
 3783 strings out of 493305
 56440 string characters out of 3138862
 216399 words of memory out of 3000000
 7279 multiletter control sequences out of 15000+200000
 12790 words of font info for 50 fonts, out of 3000000 for 9000
 1141 hyphenation exceptions out of 8191
 42i,10n,40p,409b,480s stack positions out of 5000i,500n,10000p,200000b,50000s
<C:/Program Files/MiKTeX 2.9/fonts/type1/public/amsfonts/cm/cmbx12.pfb><C:/Pr
ogram Files/MiKTeX 2.9/fonts/type1/public/amsfonts/cm/cmex10.pfb><C:/Program Fi
les/MiKTeX 2.9/fonts/type1/public/amsfonts/cm/cmmi10.pfb><C:/Program Files/MiKT
eX 2.9/fonts/type1/public/amsfonts/cm/cmmi12.pfb><C:/Program Files/MiKTeX 2.9/f
onts/type1/public/amsfonts/cm/cmmi8.pfb><C:/Program Files/MiKTeX 2.9/fonts/type
1/public/amsfonts/cm/cmr10.pfb><C:/Program Files/MiKTeX 2.9/fonts/type1/public/
amsfonts/cm/cmr12.pfb><C:/Program Files/MiKTeX 2.9/fonts/type1/public/amsfonts/
cm/cmr7.pfb><C:/Program Files/MiKTeX 2.9/fonts/type1/public/amsfonts/cm/cmr8.pf
b><C:/Program Files/MiKTeX 2.9/fonts/type1/public/amsfonts/cm/cmsy10.pfb><C:/Pr
ogram Files/MiKTeX 2.9/fonts/type1/public/amsfonts/cm/cmsy7.pfb><C:/Program Fil
es/MiKTeX 2.9/fonts/type1/public/amsfonts/cm/cmsy8.pfb><C:/Program Files/MiKTeX
 2.9/fonts/type1/public/amsfonts/cm/cmti10.pfb>
Output written on ReportMarch22.pdf (2 pages, 738119 bytes).
PDF statistics:
 69 PDF objects out of 1000 (max. 8388607)
 0 named destinations out of 1000 (max. 500000)
 41 words of extra memory for PDF output out of 10000 (max. 10000000)

